0 info it worked if it ends with ok
1 verbose cli [ '/home/jason/.nvm/versions/node/v5.0.0/bin/node',
1 verbose cli   '/home/jason/.nvm/versions/node/v5.0.0/bin/npm',
1 verbose cli   'start' ]
2 info using npm@3.3.6
3 info using node@v5.0.0
4 verbose run-script [ 'prestart', 'start', 'poststart' ]
5 info lifecycle vim_ddr@0.0.0~prestart: vim_ddr@0.0.0
6 silly lifecycle vim_ddr@0.0.0~prestart: no script for prestart, continuing
7 info lifecycle vim_ddr@0.0.0~start: vim_ddr@0.0.0
8 verbose lifecycle vim_ddr@0.0.0~start: unsafe-perm in lifecycle true
9 verbose lifecycle vim_ddr@0.0.0~start: PATH: /home/jason/.nvm/versions/node/v5.0.0/lib/node_modules/npm/bin/node-gyp-bin:/home/jason/Documents/vim-ddr/vim_ddr/node_modules/.bin:/home/jason/.nvm/versions/node/v5.0.0/bin:/usr/local/sbin:/usr/local/bin:/usr/sbin:/usr/bin:/sbin:/bin:/usr/games:/usr/local/games
10 verbose lifecycle vim_ddr@0.0.0~start: CWD: /home/jason/Documents/vim-ddr/vim_ddr
11 silly lifecycle vim_ddr@0.0.0~start: Args: [ '-c', 'node ./bin/www' ]
12 silly lifecycle vim_ddr@0.0.0~start: Returned: code: 1  signal: null
13 info lifecycle vim_ddr@0.0.0~start: Failed to exec start script
14 verbose stack Error: vim_ddr@0.0.0 start: `node ./bin/www`
14 verbose stack Exit status 1
14 verbose stack     at EventEmitter.<anonymous> (/home/jason/.nvm/versions/node/v5.0.0/lib/node_modules/npm/lib/utils/lifecycle.js:233:16)
14 verbose stack     at emitTwo (events.js:87:13)
14 verbose stack     at EventEmitter.emit (events.js:172:7)
14 verbose stack     at ChildProcess.<anonymous> (/home/jason/.nvm/versions/node/v5.0.0/lib/node_modules/npm/lib/utils/spawn.js:24:14)
14 verbose stack     at emitTwo (events.js:87:13)
14 verbose stack     at ChildProcess.emit (events.js:172:7)
14 verbose stack     at maybeClose (internal/child_process.js:818:16)
14 verbose stack     at Process.ChildProcess._handle.onexit (internal/child_process.js:211:5)
15 verbose pkgid vim_ddr@0.0.0
16 verbose cwd /home/jason/Documents/vim-ddr/vim_ddr
17 error Linux 3.16.0-51-generic
18 error argv "/home/jason/.nvm/versions/node/v5.0.0/bin/node" "/home/jason/.nvm/versions/node/v5.0.0/bin/npm" "start"
19 error node v5.0.0
20 error npm  v3.3.6
21 error code ELIFECYCLE
22 error vim_ddr@0.0.0 start: `node ./bin/www`
22 error Exit status 1
23 error Failed at the vim_ddr@0.0.0 start script 'node ./bin/www'.
23 error This is most likely a problem with the vim_ddr package,
23 error not with npm itself.
23 error Tell the author that this fails on your system:
23 error     node ./bin/www
23 error You can get their info via:
23 error     npm owner ls vim_ddr
23 error There is likely additional logging output above.
24 verbose exit [ 1, true ]
